This is pdfTeX, Version 3.1415926-2.5-1.40.14 (TeX Live 2013/Debian) (format=pdflatex 2015.1.29)  1 FEB 2016 22:27
entering extended mode
 restricted \write18 enabled.
 %&-line parsing enabled.
**ijcai16.tex
(./ijcai16.tex
LaTeX2e <2011/06/27>
Babel <3.9h> and hyphenation patterns for 78 languages loaded.
(/usr/share/texlive/texmf-dist/tex/latex/base/article.cls
Document Class: article 2007/10/19 v1.4h Standard LaTeX document class
(/usr/share/texlive/texmf-dist/tex/latex/base/size10.clo
File: size10.clo 2007/10/19 v1.4h Standard LaTeX file (size option)
)
\c@part=\count79
\c@section=\count80
\c@subsection=\count81
\c@subsubsection=\count82
\c@paragraph=\count83
\c@subparagraph=\count84
\c@figure=\count85
\c@table=\count86
\abovecaptionskip=\skip41
\belowcaptionskip=\skip42
\bibindent=\dimen102
) (./ijcai16.sty
Conference Style, version of 6 September 1995 (revised Nov 2010)
\titlebox=\skip43
Named Citation Style, version of 30 November 1994
) (/usr/share/texlive/texmf-dist/tex/latex/psnfss/times.sty
Package: times 2005/04/12 PSNFSS-v9.2a (SPQR) 
)
(/usr/share/texlive/texmf-dist/tex/latex/graphics/graphicx.sty
Package: graphicx 1999/02/16 v1.0f Enhanced LaTeX Graphics (DPC,SPQR)

(/usr/share/texlive/texmf-dist/tex/latex/graphics/keyval.sty
Package: keyval 1999/03/16 v1.13 key=value parser (DPC)
\KV@toks@=\toks14
)
(/usr/share/texlive/texmf-dist/tex/latex/graphics/graphics.sty
Package: graphics 2009/02/05 v1.0o Standard LaTeX Graphics (DPC,SPQR)

(/usr/share/texlive/texmf-dist/tex/latex/graphics/trig.sty
Package: trig 1999/03/16 v1.09 sin cos tan (DPC)
)
(/usr/share/texlive/texmf-dist/tex/latex/latexconfig/graphics.cfg
File: graphics.cfg 2010/04/23 v1.9 graphics configuration of TeX Live
)
Package graphics Info: Driver file: pdftex.def on input line 91.

(/usr/share/texlive/texmf-dist/tex/latex/pdftex-def/pdftex.def
File: pdftex.def 2011/05/27 v0.06d Graphics/color for pdfTeX

(/usr/share/texlive/texmf-dist/tex/generic/oberdiek/infwarerr.sty
Package: infwarerr 2010/04/08 v1.3 Providing info/warning/error messages (HO)
)
(/usr/share/texlive/texmf-dist/tex/generic/oberdiek/ltxcmds.sty
Package: ltxcmds 2011/11/09 v1.22 LaTeX kernel commands for general use (HO)
)
\Gread@gobject=\count87
))
\Gin@req@height=\dimen103
\Gin@req@width=\dimen104
)
(/usr/share/texlive/texmf-dist/tex/latex/amsmath/amsmath.sty
Package: amsmath 2013/01/14 v2.14 AMS math features
\@mathmargin=\skip44

For additional information on amsmath, use the `?' option.
(/usr/share/texlive/texmf-dist/tex/latex/amsmath/amstext.sty
Package: amstext 2000/06/29 v2.01

(/usr/share/texlive/texmf-dist/tex/latex/amsmath/amsgen.sty
File: amsgen.sty 1999/11/30 v2.0
\@emptytoks=\toks15
\ex@=\dimen105
))
(/usr/share/texlive/texmf-dist/tex/latex/amsmath/amsbsy.sty
Package: amsbsy 1999/11/29 v1.2d
\pmbraise@=\dimen106
)
(/usr/share/texlive/texmf-dist/tex/latex/amsmath/amsopn.sty
Package: amsopn 1999/12/14 v2.01 operator names
)
\inf@bad=\count88
LaTeX Info: Redefining \frac on input line 210.
\uproot@=\count89
\leftroot@=\count90
LaTeX Info: Redefining \overline on input line 306.
\classnum@=\count91
\DOTSCASE@=\count92
LaTeX Info: Redefining \ldots on input line 378.
LaTeX Info: Redefining \dots on input line 381.
LaTeX Info: Redefining \cdots on input line 466.
\Mathstrutbox@=\box26
\strutbox@=\box27
\big@size=\dimen107
LaTeX Font Info:    Redeclaring font encoding OML on input line 566.
LaTeX Font Info:    Redeclaring font encoding OMS on input line 567.
\macc@depth=\count93
\c@MaxMatrixCols=\count94
\dotsspace@=\muskip10
\c@parentequation=\count95
\dspbrk@lvl=\count96
\tag@help=\toks16
\row@=\count97
\column@=\count98
\maxfields@=\count99
\andhelp@=\toks17
\eqnshift@=\dimen108
\alignsep@=\dimen109
\tagshift@=\dimen110
\tagwidth@=\dimen111
\totwidth@=\dimen112
\lineht@=\dimen113
\@envbody=\toks18
\multlinegap=\skip45
\multlinetaggap=\skip46
\mathdisplay@stack=\toks19
LaTeX Info: Redefining \[ on input line 2665.
LaTeX Info: Redefining \] on input line 2666.
)
(/usr/share/texlive/texmf-dist/tex/latex/amsfonts/amssymb.sty
Package: amssymb 2013/01/14 v3.01 AMS font symbols

(/usr/share/texlive/texmf-dist/tex/latex/amsfonts/amsfonts.sty
Package: amsfonts 2013/01/14 v3.01 Basic AMSFonts support
\symAMSa=\mathgroup4
\symAMSb=\mathgroup5
LaTeX Font Info:    Overwriting math alphabet `\mathfrak' in version `bold'
(Font)                  U/euf/m/n --> U/euf/b/n on input line 106.
))
(/usr/share/texlive/texmf-dist/tex/latex/amscls/amsthm.sty
Package: amsthm 2004/08/06 v2.20
\thm@style=\toks20
\thm@bodyfont=\toks21
\thm@headfont=\toks22
\thm@notefont=\toks23
\thm@headpunct=\toks24
\thm@preskip=\skip47
\thm@postskip=\skip48
\thm@headsep=\skip49
\dth@everypar=\toks25
)
(/usr/share/texlive/texmf-dist/tex/latex/algorithms/algorithm.sty
Package: algorithm 2009/08/24 v0.1 Document Style `algorithm' - floating enviro
nment

(/usr/share/texlive/texmf-dist/tex/latex/float/float.sty
Package: float 2001/11/08 v1.3d Float enhancements (AL)
\c@float@type=\count100
\float@exts=\toks26
\float@box=\box28
\@float@everytoks=\toks27
\@floatcapt=\box29
)
(/usr/share/texlive/texmf-dist/tex/latex/base/ifthen.sty
Package: ifthen 2001/05/26 v1.1c Standard LaTeX ifthen package (DPC)
)
\@float@every@algorithm=\toks28
\c@algorithm=\count101
)
(/usr/share/texlive/texmf-dist/tex/latex/algorithmicx/algpseudocode.sty
Package: algpseudocode 

(/usr/share/texlive/texmf-dist/tex/latex/algorithmicx/algorithmicx.sty
Package: algorithmicx 2005/04/27 v1.2 Algorithmicx

Document Style algorithmicx 1.2 - a greatly improved `algorithmic' style
\c@ALG@line=\count102
\c@ALG@rem=\count103
\c@ALG@nested=\count104
\ALG@tlm=\skip50
\ALG@thistlm=\skip51
\c@ALG@Lnr=\count105
\c@ALG@blocknr=\count106
\c@ALG@storecount=\count107
\c@ALG@tmpcounter=\count108
\ALG@tmplength=\skip52
)
Document Style - pseudocode environments for use with the `algorithmicx' style
) (./macros.tex) (./ijcai16.aux)
\openout1 = `ijcai16.aux'.

LaTeX Font Info:    Checking defaults for OML/cmm/m/it on input line 23.
LaTeX Font Info:    ... okay on input line 23.
LaTeX Font Info:    Checking defaults for T1/cmr/m/n on input line 23.
LaTeX Font Info:    ... okay on input line 23.
LaTeX Font Info:    Checking defaults for OT1/cmr/m/n on input line 23.
LaTeX Font Info:    ... okay on input line 23.
LaTeX Font Info:    Checking defaults for OMS/cmsy/m/n on input line 23.
LaTeX Font Info:    ... okay on input line 23.
LaTeX Font Info:    Checking defaults for OMX/cmex/m/n on input line 23.
LaTeX Font Info:    ... okay on input line 23.
LaTeX Font Info:    Checking defaults for U/cmr/m/n on input line 23.
LaTeX Font Info:    ... okay on input line 23.
LaTeX Font Info:    Try loading font information for OT1+ptm on input line 23.

(/usr/share/texlive/texmf-dist/tex/latex/psnfss/ot1ptm.fd
File: ot1ptm.fd 2001/06/04 font definitions for OT1/ptm.
)
(/usr/share/texlive/texmf-dist/tex/context/base/supp-pdf.mkii
[Loading MPS to PDF converter (version 2006.09.02).]
\scratchcounter=\count109
\scratchdimen=\dimen114
\scratchbox=\box30
\nofMPsegments=\count110
\nofMParguments=\count111
\everyMPshowfont=\toks29
\MPscratchCnt=\count112
\MPscratchDim=\dimen115
\MPnumerator=\count113
\makeMPintoPDFobject=\count114
\everyMPtoPDFconversion=\toks30
) (/usr/share/texlive/texmf-dist/tex/generic/oberdiek/pdftexcmds.sty
Package: pdftexcmds 2011/11/29 v0.20 Utility functions of pdfTeX for LuaTeX (HO
)

(/usr/share/texlive/texmf-dist/tex/generic/oberdiek/ifluatex.sty
Package: ifluatex 2010/03/01 v1.3 Provides the ifluatex switch (HO)
Package ifluatex Info: LuaTeX not detected.
)
(/usr/share/texlive/texmf-dist/tex/generic/oberdiek/ifpdf.sty
Package: ifpdf 2011/01/30 v2.3 Provides the ifpdf switch (HO)
Package ifpdf Info: pdfTeX in PDF mode is detected.
)
Package pdftexcmds Info: LuaTeX not detected.
Package pdftexcmds Info: \pdf@primitive is available.
Package pdftexcmds Info: \pdf@ifprimitive is available.
Package pdftexcmds Info: \pdfdraftmode found.
)
(/usr/share/texlive/texmf-dist/tex/latex/oberdiek/epstopdf-base.sty
Package: epstopdf-base 2010/02/09 v2.5 Base part for package epstopdf

(/usr/share/texlive/texmf-dist/tex/latex/oberdiek/grfext.sty
Package: grfext 2010/08/19 v1.1 Manage graphics extensions (HO)

(/usr/share/texlive/texmf-dist/tex/generic/oberdiek/kvdefinekeys.sty
Package: kvdefinekeys 2011/04/07 v1.3 Define keys (HO)
))
(/usr/share/texlive/texmf-dist/tex/latex/oberdiek/kvoptions.sty
Package: kvoptions 2011/06/30 v3.11 Key value format for package options (HO)

(/usr/share/texlive/texmf-dist/tex/generic/oberdiek/kvsetkeys.sty
Package: kvsetkeys 2012/04/25 v1.16 Key value parser (HO)

(/usr/share/texlive/texmf-dist/tex/generic/oberdiek/etexcmds.sty
Package: etexcmds 2011/02/16 v1.5 Avoid name clashes with e-TeX commands (HO)
Package etexcmds Info: Could not find \expanded.
(etexcmds)             That can mean that you are not using pdfTeX 1.50 or
(etexcmds)             that some package has redefined \expanded.
(etexcmds)             In the latter case, load this package earlier.
)))
Package grfext Info: Graphics extension search list:
(grfext)             [.png,.pdf,.jpg,.mps,.jpeg,.jbig2,.jb2,.PNG,.PDF,.JPG,.JPE
G,.JBIG2,.JB2,.eps]
(grfext)             \AppendGraphicsExtensions on input line 452.

(/usr/share/texlive/texmf-dist/tex/latex/latexconfig/epstopdf-sys.cfg
File: epstopdf-sys.cfg 2010/07/13 v1.3 Configuration of (r)epstopdf for TeX Liv
e
))
LaTeX Font Info:    Font shape `OT1/ptm/bx/n' in size <14.4> not available
(Font)              Font shape `OT1/ptm/b/n' tried instead on input line 25.
LaTeX Font Info:    Try loading font information for U+msa on input line 25.

(/usr/share/texlive/texmf-dist/tex/latex/amsfonts/umsa.fd
File: umsa.fd 2013/01/14 v3.01 AMS symbols A
)
LaTeX Font Info:    Try loading font information for U+msb on input line 25.

(/usr/share/texlive/texmf-dist/tex/latex/amsfonts/umsb.fd
File: umsb.fd 2013/01/14 v3.01 AMS symbols B
)
LaTeX Font Info:    Font shape `OT1/ptm/bx/n' in size <12> not available
(Font)              Font shape `OT1/ptm/b/n' tried instead on input line 25.


LaTeX Warning: No \author given.

(./intro.tex) (./mpsr.tex
Overfull \hbox (7.49129pt too wide) detected at line 6
\OML/cmm/m/it/10 f[]\OT1/cmr/m/n/10 (\OML/cmm/m/it/10 x\OT1/cmr/m/n/10 ) = \OML
/cmm/m/it/10 f[]\OT1/cmr/m/n/10 (\OML/cmm/m/it/10 x[] [] x[]\OT1/cmr/m/n/10 ) =
 [][]\OT1/cmr/bx/n/10 A[] [] A[][][] \OT1/cmr/m/n/10 = [][]\OT1/cmr/bx/n/10 A[]
[][]\OML/cmm/m/it/10 :
 []

[1{/var/lib/texmf/fonts/map/pdftex/updmap/pdftex.map}



]
LaTeX Font Info:    Font shape `OT1/ptm/bx/n' in size <10.95> not available
(Font)              Font shape `OT1/ptm/b/n' tried instead on input line 35.
LaTeX Font Info:    Font shape `OT1/ptm/bx/n' in size <10> not available
(Font)              Font shape `OT1/ptm/b/n' tried instead on input line 39.
) (./algorithms.tex
[2] [3]) (./experiments.tex
<uCOREPICS/DL/64-16-100.png, id=28, 578.16pt x 433.62pt>
File: uCOREPICS/DL/64-16-100.png Graphic file (type png)

<use uCOREPICS/DL/64-16-100.png>
Package pdftex.def Info: uCOREPICS/DL/64-16-100.png used on input line 6.
(pdftex.def)             Requested size: 128.0374pt x 96.02525pt.

<uCOREPICS/DL/64-16-10000.png, id=30, 578.16pt x 433.62pt>
File: uCOREPICS/DL/64-16-10000.png Graphic file (type png)

<use uCOREPICS/DL/64-16-10000.png>
Package pdftex.def Info: uCOREPICS/DL/64-16-10000.png used on input line 6.
(pdftex.def)             Requested size: 128.0374pt x 96.02525pt.

<uCOREPICS/DL/NoiseInfo.png, id=31, 578.16pt x 433.62pt>
File: uCOREPICS/DL/NoiseInfo.png Graphic file (type png)

<use uCOREPICS/DL/NoiseInfo.png>
Package pdftex.def Info: uCOREPICS/DL/NoiseInfo.png used on input line 6.
(pdftex.def)             Requested size: 128.0374pt x 96.02525pt.

<uCOREPICS/DL/basePows.png, id=32, 578.16pt x 433.62pt>
File: uCOREPICS/DL/basePows.png Graphic file (type png)

<use uCOREPICS/DL/basePows.png>
Package pdftex.def Info: uCOREPICS/DL/basePows.png used on input line 6.
(pdftex.def)             Requested size: 128.0374pt x 96.02525pt.

Overfull \hbox (6.2596pt too wide) in paragraph at lines 6--7
 [][][][][] 
 []

<uCOREPICS/DL/NumOpsTiming.png, id=33, 578.16pt x 433.62pt>
File: uCOREPICS/DL/NumOpsTiming.png Graphic file (type png)

<use uCOREPICS/DL/NumOpsTiming.png>
Package pdftex.def Info: uCOREPICS/DL/NumOpsTiming.png used on input line 45.
(pdftex.def)             Requested size: 170.71652pt x 128.03589pt.

<uCOREPICS/DL/47-27-10000.png, id=34, 578.16pt x 433.62pt>
File: uCOREPICS/DL/47-27-10000.png Graphic file (type png)

<use uCOREPICS/DL/47-27-10000.png>
Package pdftex.def Info: uCOREPICS/DL/47-27-10000.png used on input line 55.
(pdftex.def)             Requested size: 170.71652pt x 128.03589pt.

Underfull \vbox (badness 1215) has occurred while \output is active []

 [4 <./uCOREPICS/DL/NumOpsTiming.png>]
<uCOREPICS/Pacman/Pacman500.png, id=39, 578.16pt x 433.62pt>
File: uCOREPICS/Pacman/Pacman500.png Graphic file (type png)

<use uCOREPICS/Pacman/Pacman500.png>
Package pdftex.def Info: uCOREPICS/Pacman/Pacman500.png used on input line 66.
(pdftex.def)             Requested size: 170.71652pt x 128.03589pt.

<uCOREPICS/Pacman/Pacman10k.png, id=40, 578.16pt x 433.62pt>
File: uCOREPICS/Pacman/Pacman10k.png Graphic file (type png)

<use uCOREPICS/Pacman/Pacman10k.png>
Package pdftex.def Info: uCOREPICS/Pacman/Pacman10k.png used on input line 74.
(pdftex.def)             Requested size: 170.71652pt x 128.03589pt.

<uCOREPICS/Pacman/PacmanSF=1.png, id=41, 578.16pt x 433.62pt>
File: uCOREPICS/Pacman/PacmanSF=1.png Graphic file (type png)

<use uCOREPICS/Pacman/PacmanSF=1.png>
Package pdftex.def Info: uCOREPICS/Pacman/PacmanSF=1.png used on input line 83.

(pdftex.def)             Requested size: 170.71652pt x 128.03589pt.

<uCOREPICS/Pacman/PacmanSF=5.png, id=42, 578.16pt x 433.62pt>
File: uCOREPICS/Pacman/PacmanSF=5.png Graphic file (type png)

<use uCOREPICS/Pacman/PacmanSF=5.png>
Package pdftex.def Info: uCOREPICS/Pacman/PacmanSF=5.png used on input line 89.

(pdftex.def)             Requested size: 170.71652pt x 128.03589pt.


LaTeX Warning: Text page 5 contains only floats.

[5 <./uCOREPICS/DL/64-16-100.png> <./uCOREPICS/DL/64-16-10000.png> <./uCOREPICS
/DL/NoiseInfo.png> <./uCOREPICS/DL/basePows.png> <./uCOREPICS/DL/47-27-10000.pn
g> <./uCOREPICS/Pacman/Pacman500.png> <./uCOREPICS/Pacman/Pacman10k.png> <./uCO
REPICS/Pacman/PacmanSF=1.png> <./uCOREPICS/Pacman/PacmanSF=5.png>]
<uCOREPICS/DLMO/MO_50.png, id=55, 578.16pt x 433.62pt>
File: uCOREPICS/DLMO/MO_50.png Graphic file (type png)

<use uCOREPICS/DLMO/MO_50.png>
Package pdftex.def Info: uCOREPICS/DLMO/MO_50.png used on input line 111.
(pdftex.def)             Requested size: 170.71652pt x 128.03589pt.

<uCOREPICS/DLMO/MO_1k.png, id=56, 578.16pt x 433.62pt>
File: uCOREPICS/DLMO/MO_1k.png Graphic file (type png)

<use uCOREPICS/DLMO/MO_1k.png>
Package pdftex.def Info: uCOREPICS/DLMO/MO_1k.png used on input line 117.
(pdftex.def)             Requested size: 170.71652pt x 128.03589pt.

<uCOREPICS/DLMO/numOpComparison.png, id=57, 578.16pt x 433.62pt>
File: uCOREPICS/DLMO/numOpComparison.png Graphic file (type png)

<use uCOREPICS/DLMO/numOpComparison.png>
Package pdftex.def Info: uCOREPICS/DLMO/numOpComparison.png used on input line 
127.
(pdftex.def)             Requested size: 170.71652pt x 128.03589pt.
) (./discussion.tex) (./ijcai16.bbl
Underfull \vbox (badness 2012) has occurred while \output is active []

 [6 <./uCOREPICS/DLMO/MO_50.png> <./uCOREPICS/DLMO/MO_1k.png> <./uCOREPICS/DLMO
/numOpComparison.png>]
Underfull \hbox (badness 10000) in paragraph at lines 35--38
[]\OT1/ptm/m/n/10 W. Droste, M. Kuich and
 []


Underfull \hbox (badness 2326) in paragraph at lines 46--50
[]\OT1/ptm/m/n/10 William L. Hamil-ton, Mahdi M.
 []


Underfull \hbox (badness 1418) in paragraph at lines 58--61
[]\OT1/ptm/m/n/10 M. L. Littman, R. S. Sut-ton, and
 []


Underfull \hbox (badness 1460) in paragraph at lines 70--74
[]\OT1/ptm/m/n/10 S. Singh, M. R. James, and M. R.
 []

) [7

] (./ijcai16.aux) ) 
Here is how much of TeX's memory you used:
 3319 strings out of 493304
 44511 string characters out of 6139871
 114979 words of memory out of 5000000
 6669 multiletter control sequences out of 15000+600000
 24035 words of font info for 64 fonts, out of 8000000 for 9000
 957 hyphenation exceptions out of 8191
 38i,10n,26p,1295b,249s stack positions out of 5000i,500n,10000p,200000b,80000s
{/usr/share/texlive/texmf-dist/fonts/enc/dvips/base/8r.enc}<
/usr/share/texlive/texmf-dist/fonts/type1/public/amsfonts/cm/cmbx10.pfb></usr/s
hare/texlive/texmf-dist/fonts/type1/public/amsfonts/cm/cmex10.pfb></usr/share/t
exlive/texmf-dist/fonts/type1/public/amsfonts/cm/cmmi10.pfb></usr/share/texlive
/texmf-dist/fonts/type1/public/amsfonts/cm/cmmi5.pfb></usr/share/texlive/texmf-
dist/fonts/type1/public/amsfonts/cm/cmmi7.pfb></usr/share/texlive/texmf-dist/fo
nts/type1/public/amsfonts/cm/cmmib10.pfb></usr/share/texlive/texmf-dist/fonts/t
ype1/public/amsfonts/cm/cmr10.pfb></usr/share/texlive/texmf-dist/fonts/type1/pu
blic/amsfonts/cm/cmr5.pfb></usr/share/texlive/texmf-dist/fonts/type1/public/ams
fonts/cm/cmr7.pfb></usr/share/texlive/texmf-dist/fonts/type1/public/amsfonts/cm
/cmsy10.pfb></usr/share/texlive/texmf-dist/fonts/type1/public/amsfonts/cm/cmsy5
.pfb></usr/share/texlive/texmf-dist/fonts/type1/public/amsfonts/cm/cmsy7.pfb></
usr/share/texlive/texmf-dist/fonts/type1/public/amsfonts/symbols/msbm10.pfb></u
sr/share/texlive/texmf-dist/fonts/type1/urw/times/utmb8a.pfb></usr/share/texliv
e/texmf-dist/fonts/type1/urw/times/utmr8a.pfb></usr/share/texlive/texmf-dist/fo
nts/type1/urw/times/utmri8a.pfb>
Output written on ijcai16.pdf (7 pages, 782768 bytes).
PDF statistics:
 120 PDF objects out of 1000 (max. 8388607)
 68 compressed objects within 1 object stream
 0 named destinations out of 1000 (max. 500000)
 66 words of extra memory for PDF output out of 10000 (max. 10000000)

